\BOOKMARK [1][-]{section.1}{Pipeline}{}% 1
\BOOKMARK [2][-]{subsection.1.1}{Feature Extraction}{section.1}% 2
\BOOKMARK [2][-]{subsection.1.2}{Dimensionality Reduction \(PCA\)}{section.1}% 3
\BOOKMARK [2][-]{subsection.1.3}{k-NN methods}{section.1}% 4
\BOOKMARK [3][-]{subsubsection.1.3.1}{Bruteforce}{subsection.1.3}% 5
\BOOKMARK [3][-]{subsubsection.1.3.2}{Annoy}{subsection.1.3}% 6
\BOOKMARK [3][-]{subsubsection.1.3.3}{NMSLIB}{subsection.1.3}% 7
\BOOKMARK [3][-]{subsubsection.1.3.4}{Faiss}{subsection.1.3}% 8
\BOOKMARK [1][-]{section.2}{Experimental Setup}{}% 9
\BOOKMARK [2][-]{subsection.2.1}{Datasets}{section.2}% 10
\BOOKMARK [3][-]{subsubsection.2.1.1}{ImageNet and Places365 for feature extraction}{subsection.2.1}% 11
\BOOKMARK [3][-]{subsubsection.2.1.2}{MSCoCo for evaluation}{subsection.2.1}% 12
\BOOKMARK [2][-]{subsection.2.2}{Evaluation Technique and Metrics}{section.2}% 13
\BOOKMARK [3][-]{subsubsection.2.2.1}{Compare similarity with brute-force}{subsection.2.2}% 14
\BOOKMARK [3][-]{subsubsection.2.2.2}{Bleu Score}{subsection.2.2}% 15
\BOOKMARK [1][-]{section.3}{Results}{}% 16
\BOOKMARK [2][-]{subsection.3.1}{Brute-force}{section.3}% 17
\BOOKMARK [2][-]{subsection.3.2}{Annoy}{section.3}% 18
\BOOKMARK [2][-]{subsection.3.3}{NMSLIB}{section.3}% 19
\BOOKMARK [2][-]{subsection.3.4}{Faiss}{section.3}% 20
\BOOKMARK [3][-]{subsubsection.3.4.1}{Bruteforce with Faiss}{subsection.3.4}% 21
\BOOKMARK [3][-]{subsubsection.3.4.2}{Approximate Search}{subsection.3.4}% 22
\BOOKMARK [2][-]{subsection.3.5}{Discussion on the results}{section.3}% 23
\BOOKMARK [1][-]{section.4}{Images subgroup analysis}{}% 24
\BOOKMARK [2][-]{subsection.4.1}{Results with places365}{section.4}% 25
\BOOKMARK [2][-]{subsection.4.2}{Results with Imagenet}{section.4}% 26
\BOOKMARK [2][-]{subsection.4.3}{Conclusion}{section.4}% 27
